{"/project/workspace/src/App.jsx": {"path":"/project/workspace/src/App.jsx","statementMap":{"0":{"start":{"line":1,"column":25},"end":{"line":1,"column":null}},"1":{"start":{"line":7,"column":2},"end":{"line":14,"column":null}},"2":{"start":{"line":16,"column":1},"end":{"line":6,"column":15}},"3":{"start":{"line":18,"column":19},"end":{"line":18,"column":null}}},"fnMap":{"0":{"name":"(anonymous_0)","decl":{"start":{"line":1,"column":25},"end":{"line":1,"column":null}},"loc":{"start":{"line":1,"column":25},"end":{"line":1,"column":null}}},"1":{"name":"App","decl":{"start":{"line":6,"column":9},"end":{"line":6,"column":15}},"loc":{"start":{"line":6,"column":15},"end":{"line":16,"column":1}}}},"branchMap":{"0":{"loc":{"start":{"line":1,"column":25},"end":{"line":1,"column":null}},"type":"binary-expr","locations":[{"start":{"line":1,"column":25},"end":{"line":1,"column":null}},{"start":{"line":1,"column":25},"end":{"line":1,"column":null}}]},"1":{"loc":{"start":{"line":1,"column":25},"end":{"line":1,"column":null}},"type":"if","locations":[{"start":{"line":1,"column":25},"end":{"line":1,"column":null}}]}},"s":{"0":192,"1":24,"2":24,"3":24},"f":{"0":24,"1":24},"b":{"0":[48,24],"1":[24]}}
,"/project/workspace/src/index.jsx": {"path":"/project/workspace/src/index.jsx","statementMap":{"0":{"start":{"line":6,"column":0},"end":{"line":11,"column":null}}},"fnMap":{},"branchMap":{},"s":{"0":24},"f":{},"b":{}}
,"/project/workspace/src/components/Login.jsx": {"path":"/project/workspace/src/components/Login.jsx","statementMap":{"0":{"start":{"line":1,"column":25},"end":{"line":1,"column":null}},"1":{"start":{"line":4,"column":14},"end":{"line":11,"column":2}},"2":{"start":{"line":5,"column":2},"end":{"line":9,"column":null}},"3":{"start":{"line":11,"column":2},"end":{"line":4,"column":14}},"4":{"start":{"line":13,"column":21},"end":{"line":13,"column":null}}},"fnMap":{"0":{"name":"(anonymous_0)","decl":{"start":{"line":1,"column":25},"end":{"line":1,"column":null}},"loc":{"start":{"line":1,"column":25},"end":{"line":1,"column":null}}},"1":{"name":"(anonymous_1)","decl":{"start":{"line":4,"column":14},"end":{"line":4,"column":20}},"loc":{"start":{"line":4,"column":20},"end":{"line":11,"column":2}}}},"branchMap":{"0":{"loc":{"start":{"line":1,"column":25},"end":{"line":1,"column":null}},"type":"binary-expr","locations":[{"start":{"line":1,"column":25},"end":{"line":1,"column":null}},{"start":{"line":1,"column":25},"end":{"line":1,"column":null}}]},"1":{"loc":{"start":{"line":1,"column":25},"end":{"line":1,"column":null}},"type":"if","locations":[{"start":{"line":1,"column":25},"end":{"line":1,"column":null}}]}},"s":{"0":192,"1":24,"2":24,"3":24,"4":24},"f":{"0":24,"1":24},"b":{"0":[48,24],"1":[24]}}
,"/project/workspace/src/components/MenuComponent.jsx": {"path":"/project/workspace/src/components/MenuComponent.jsx","statementMap":{"0":{"start":{"line":1,"column":39},"end":{"line":1,"column":null}},"1":{"start":{"line":8,"column":14},"end":{"line":62,"column":null}},"2":{"start":{"line":64,"column":22},"end":{"line":78,"column":2}},"3":{"start":{"line":64,"column":28},"end":{"line":64,"column":null}},"4":{"start":{"line":65,"column":32},"end":{"line":65,"column":null}},"5":{"start":{"line":66,"column":18},"end":{"line":69,"column":null}},"6":{"start":{"line":67,"column":4},"end":{"line":67,"column":null}},"7":{"start":{"line":68,"column":4},"end":{"line":68,"column":null}},"8":{"start":{"line":70,"column":2},"end":{"line":75,"column":null}},"9":{"start":{"line":78,"column":2},"end":{"line":64,"column":22}},"10":{"start":{"line":64,"column":19},"end":{"line":null,"column":-1}},"11":{"start":{"line":79,"column":29},"end":{"line":79,"column":null}}},"fnMap":{"0":{"name":"(anonymous_0)","decl":{"start":{"line":1,"column":39},"end":{"line":1,"column":null}},"loc":{"start":{"line":1,"column":39},"end":{"line":1,"column":null}}},"1":{"name":"(anonymous_1)","decl":{"start":{"line":64,"column":22},"end":{"line":64,"column":28}},"loc":{"start":{"line":64,"column":28},"end":{"line":78,"column":2}}},"2":{"name":"(anonymous_2)","decl":{"start":{"line":66,"column":18},"end":{"line":66,"column":19}},"loc":{"start":{"line":66,"column":25},"end":{"line":69,"column":null}}}},"branchMap":{"0":{"loc":{"start":{"line":1,"column":39},"end":{"line":1,"column":null}},"type":"binary-expr","locations":[{"start":{"line":1,"column":39},"end":{"line":1,"column":null}},{"start":{"line":1,"column":39},"end":{"line":1,"column":null}}]},"1":{"loc":{"start":{"line":1,"column":39},"end":{"line":1,"column":null}},"type":"if","locations":[{"start":{"line":1,"column":39},"end":{"line":1,"column":null}}]}},"s":{"0":216,"1":24,"2":24,"3":48,"4":48,"5":48,"6":0,"7":0,"8":48,"9":24,"10":24,"11":24},"f":{"0":24,"1":48,"2":0},"b":{"0":[48,24],"1":[24]}}
,"/project/workspace/src/components/Page1.jsx": {"path":"/project/workspace/src/components/Page1.jsx","statementMap":{"0":{"start":{"line":1,"column":25},"end":{"line":1,"column":null}},"1":{"start":{"line":3,"column":43},"end":{"line":3,"column":null}},"2":{"start":{"line":4,"column":20},"end":{"line":11,"column":null}},"3":{"start":{"line":12,"column":21},"end":{"line":18,"column":null}},"4":{"start":{"line":19,"column":19},"end":{"line":24,"column":null}},"5":{"start":{"line":25,"column":20},"end":{"line":29,"column":null}},"6":{"start":{"line":30,"column":20},"end":{"line":35,"column":null}},"7":{"start":{"line":36,"column":14},"end":{"line":76,"column":null}},"8":{"start":{"line":37,"column":2},"end":{"line":76,"column":null}},"9":{"start":{"line":77,"column":2},"end":{"line":36,"column":14}},"10":{"start":{"line":78,"column":21},"end":{"line":78,"column":null}}},"fnMap":{"0":{"name":"(anonymous_0)","decl":{"start":{"line":1,"column":25},"end":{"line":1,"column":null}},"loc":{"start":{"line":1,"column":25},"end":{"line":1,"column":null}}},"1":{"name":"(anonymous_1)","decl":{"start":{"line":36,"column":14},"end":{"line":36,"column":null}},"loc":{"start":{"line":37,"column":2},"end":{"line":76,"column":null}}}},"branchMap":{"0":{"loc":{"start":{"line":1,"column":25},"end":{"line":1,"column":null}},"type":"binary-expr","locations":[{"start":{"line":1,"column":25},"end":{"line":1,"column":null}},{"start":{"line":1,"column":25},"end":{"line":1,"column":null}}]},"1":{"loc":{"start":{"line":1,"column":25},"end":{"line":1,"column":null}},"type":"if","locations":[{"start":{"line":1,"column":25},"end":{"line":1,"column":null}}]}},"s":{"0":192,"1":24,"2":24,"3":24,"4":24,"5":24,"6":24,"7":24,"8":0,"9":24,"10":24},"f":{"0":24,"1":0},"b":{"0":[48,24],"1":[24]}}
,"/project/workspace/src/components/Page2.jsx": {"path":"/project/workspace/src/components/Page2.jsx","statementMap":{"0":{"start":{"line":1,"column":25},"end":{"line":1,"column":null}},"1":{"start":{"line":3,"column":36},"end":{"line":3,"column":null}},"2":{"start":{"line":4,"column":14},"end":{"line":7,"column":null}},"3":{"start":{"line":4,"column":58},"end":{"line":7,"column":2}},"4":{"start":{"line":8,"column":14},"end":{"line":66,"column":2}},"5":{"start":{"line":8,"column":20},"end":{"line":8,"column":null}},"6":{"start":{"line":11,"column":6},"end":{"line":11,"column":null}},"7":{"start":{"line":12,"column":2},"end":{"line":64,"column":null}},"8":{"start":{"line":66,"column":2},"end":{"line":11,"column":21}},"9":{"start":{"line":8,"column":11},"end":{"line":11,"column":21}},"10":{"start":{"line":11,"column":20},"end":{"line":8,"column":11}},"11":{"start":{"line":67,"column":21},"end":{"line":67,"column":null}}},"fnMap":{"0":{"name":"(anonymous_0)","decl":{"start":{"line":1,"column":25},"end":{"line":1,"column":null}},"loc":{"start":{"line":1,"column":25},"end":{"line":1,"column":null}}},"1":{"name":"(anonymous_1)","decl":{"start":{"line":4,"column":43},"end":{"line":4,"column":44}},"loc":{"start":{"line":4,"column":58},"end":{"line":7,"column":2}}},"2":{"name":"(anonymous_2)","decl":{"start":{"line":8,"column":14},"end":{"line":8,"column":20}},"loc":{"start":{"line":8,"column":20},"end":{"line":66,"column":2}}},"3":{"name":"(anonymous_3)","decl":{"start":{"line":8,"column":11},"end":{"line":8,"column":14}},"loc":{"start":{"line":8,"column":11},"end":{"line":11,"column":21}}}},"branchMap":{"0":{"loc":{"start":{"line":1,"column":25},"end":{"line":1,"column":null}},"type":"binary-expr","locations":[{"start":{"line":1,"column":25},"end":{"line":1,"column":null}},{"start":{"line":1,"column":25},"end":{"line":1,"column":null}}]},"1":{"loc":{"start":{"line":1,"column":25},"end":{"line":1,"column":null}},"type":"if","locations":[{"start":{"line":1,"column":25},"end":{"line":1,"column":null}}]}},"s":{"0":216,"1":24,"2":24,"3":360,"4":24,"5":0,"6":0,"7":0,"8":24,"9":0,"10":24,"11":24},"f":{"0":24,"1":360,"2":0,"3":0},"b":{"0":[48,24],"1":[24]}}
}
