TN:
SF:src/App.jsx
FN:1,(anonymous_0)
FN:6,App
FNF:2
FNH:2
FNDA:24,(anonymous_0)
FNDA:24,App
DA:1,192
DA:7,24
DA:16,24
DA:18,24
LF:4
LH:4
BRDA:1,0,0,48
BRDA:1,0,1,24
BRDA:1,1,0,24
BRF:3
BRH:3
end_of_record
TN:
SF:src/index.jsx
FNF:0
FNH:0
DA:6,24
LF:1
LH:1
BRF:0
BRH:0
end_of_record
TN:
SF:src/components/Login.jsx
FN:1,(anonymous_0)
FN:4,(anonymous_1)
FNF:2
FNH:2
FNDA:24,(anonymous_0)
FNDA:24,(anonymous_1)
DA:1,192
DA:4,24
DA:5,24
DA:11,24
DA:13,24
LF:5
LH:5
BRDA:1,0,0,48
BRDA:1,0,1,24
BRDA:1,1,0,24
BRF:3
BRH:3
end_of_record
TN:
SF:src/components/MenuComponent.jsx
FN:1,(anonymous_0)
FN:64,(anonymous_1)
FN:66,(anonymous_2)
FNF:3
FNH:2
FNDA:24,(anonymous_0)
FNDA:48,(anonymous_1)
FNDA:0,(anonymous_2)
DA:1,216
DA:8,24
DA:64,48
DA:65,48
DA:66,48
DA:67,0
DA:68,0
DA:70,48
DA:78,24
DA:79,24
LF:10
LH:8
BRDA:1,0,0,48
BRDA:1,0,1,24
BRDA:1,1,0,24
BRF:3
BRH:3
end_of_record
TN:
SF:src/components/Page1.jsx
FN:1,(anonymous_0)
FN:36,(anonymous_1)
FNF:2
FNH:1
FNDA:24,(anonymous_0)
FNDA:0,(anonymous_1)
DA:1,192
DA:3,24
DA:4,24
DA:12,24
DA:19,24
DA:25,24
DA:30,24
DA:36,24
DA:37,0
DA:77,24
DA:78,24
LF:11
LH:10
BRDA:1,0,0,48
BRDA:1,0,1,24
BRDA:1,1,0,24
BRF:3
BRH:3
end_of_record
TN:
SF:src/components/Page2.jsx
FN:1,(anonymous_0)
FN:4,(anonymous_1)
FN:8,(anonymous_2)
FN:8,(anonymous_3)
FNF:4
FNH:2
FNDA:24,(anonymous_0)
FNDA:360,(anonymous_1)
FNDA:0,(anonymous_2)
FNDA:0,(anonymous_3)
DA:1,216
DA:3,24
DA:4,360
DA:8,24
DA:11,24
DA:12,0
DA:66,24
DA:67,24
LF:8
LH:7
BRDA:1,0,0,48
BRDA:1,0,1,24
BRDA:1,1,0,24
BRF:3
BRH:3
end_of_record
